生成启动时间为 2016/1/25 18:22:12。
     1>项目“D:\MyProjectCodes\MyGameServer\MyGameServer\libs\StaticLog_lib\StaticLog_lib.vcxproj”在节点 2 上(Rebuild 个目标)。
     1>C:\Program Files (x86)\MSBuild\Microsoft.Cpp\v4.0\V120\Microsoft.CppBuild.targets(357,5): warning MSB8004: Output Directory does not end with a trailing slash.  This build instance will add the slash as it is required to allow proper evaluation of the Output Directory.
     1>ClCompile:
         C:\Program Files (x86)\Microsoft Visual Studio 12.0\VC\bin\CL.exe /c /I../../../Common /ZI /nologo /W3 /WX- /sdl /Od /Oy- /D WIN32 /D _DEBUG /D _LIB /D _SCL_SECURE_NO_WARNINGS /D _CRT_SECURE_NO_WARNINGS /D _MBCS /Gm /EHsc /RTC1 /MDd /GS /fp:precise /Zc:wchar_t /Zc:forScope /Fo"Debug\\" /Fd"Debug\vc120.pdb" /Gd /TP /analyze- /errorReport:prompt SourceFile\CFile.cpp SourceFile\CLog.cpp SourceFile\CLogger.cpp SourceFile\CLogStream.cpp SourceFile\CLogToFileThread.cpp
         CLogToFileThread.cpp
         CLogStream.cpp
         CLogger.cpp
         CLog.cpp
         CFile.cpp
         正在生成代码...
       Lib:
         C:\Program Files (x86)\Microsoft Visual Studio 12.0\VC\bin\Lib.exe /OUT:"../../../Bin\StaticLog_lib.lib" /NOLOGO Debug\CFile.obj
         Debug\CLog.obj
         Debug\CLogger.obj
         Debug\CLogStream.obj
         Debug\CLogToFileThread.obj
         StaticLog_lib.vcxproj -> D:\MyProjectCodes\MyGameServer\MyGameServer\libs\StaticLog_lib\../../../Bin\StaticLog_lib.lib
     1>已完成生成项目“D:\MyProjectCodes\MyGameServer\MyGameServer\libs\StaticLog_lib\StaticLog_lib.vcxproj”(Rebuild 个目标)的操作。

生成成功。

已用时间 00:00:05.22
