d:\myprojectcodes\mygameserver\mygameserver\apps\dbvestibuleserver\debug\dbvestibuleserver.pch
d:\myprojectcodes\mygameserver\mygameserver\apps\dbvestibuleserver\debug\vc120.pdb
d:\myprojectcodes\mygameserver\mygameserver\apps\dbvestibuleserver\debug\vc120.idb
d:\myprojectcodes\mygameserver\mygameserver\apps\dbvestibuleserver\debug\stdafx.obj
d:\myprojectcodes\mygameserver\mygameserver\apps\dbvestibuleserver\debug\dbvestibuleserver.obj
d:\myprojectcodes\mygameserver\mygameserver\apps\dbvestibuleserver\debug\cconnectionsinkpool.obj
d:\myprojectcodes\mygameserver\mygameserver\apps\dbvestibuleserver\debug\cinifile.obj
d:\myprojectcodes\mygameserver\mygameserver\apps\dbvestibuleserver\debug\cinitservermodule.obj
d:\myprojectcodes\mygameserver\mygameserver\apps\dbvestibuleserver\debug\cserveracceptsink.obj
d:\myprojectcodes\mygameserver\mygameserver\apps\dbvestibuleserver\debug\cvestibuleserver.obj
d:\myprojectcodes\mygameserver\bin\dbvestibuleserver.ilk
d:\myprojectcodes\mygameserver\bin\dbvestibuleserver.exe
d:\myprojectcodes\mygameserver\bin\dbvestibuleserver.pdb
d:\myprojectcodes\mygameserver\mygameserver\apps\dbvestibuleserver\../../../bin\dbvestibuleserver.exe
d:\myprojectcodes\mygameserver\mygameserver\apps\dbvestibuleserver\debug\dbvestib.b0aade36.tlog\cl.command.1.tlog
d:\myprojectcodes\mygameserver\mygameserver\apps\dbvestibuleserver\debug\dbvestib.b0aade36.tlog\cl.read.1.tlog
d:\myprojectcodes\mygameserver\mygameserver\apps\dbvestibuleserver\debug\dbvestib.b0aade36.tlog\cl.write.1.tlog
d:\myprojectcodes\mygameserver\mygameserver\apps\dbvestibuleserver\debug\dbvestib.b0aade36.tlog\link.command.1.tlog
d:\myprojectcodes\mygameserver\mygameserver\apps\dbvestibuleserver\debug\dbvestib.b0aade36.tlog\link.read.1.tlog
d:\myprojectcodes\mygameserver\mygameserver\apps\dbvestibuleserver\debug\dbvestib.b0aade36.tlog\link.write.1.tlog
