生成启动时间为 2016/1/25 18:26:36。
     1>项目“D:\MyProjectCodes\MyGameServer\MyGameServer\Apps\DBVestibuleServer\DBVestibuleServer.vcxproj”在节点 2 上(Rebuild 个目标)。
     1>C:\Program Files (x86)\MSBuild\Microsoft.Cpp\v4.0\V120\Microsoft.CppBuild.targets(357,5): warning MSB8004: Output Directory does not end with a trailing slash.  This build instance will add the slash as it is required to allow proper evaluation of the Output Directory.
     1>ClCompile:
         C:\Program Files (x86)\Microsoft Visual Studio 12.0\VC\bin\CL.exe /c /I../../../Include/mysql/cppconnector /I../../../Common /I../../libs/StaticLog_lib/SourceFile /I"C:\Program Files (x86)\MySQL\MySQL Server 5.7\include" /IC:\Boost\include /ZI /nologo /W3 /WX- /sdl /Od /Oy- /D WIN32 /D _DEBUG /D _CONSOLE /D _LIB /D _SCL_SECURE_NO_WARNINGS /D _CRT_SECURE_NO_WARNINGS /D CPPCONN_PUBLIC_FUNC= /D _MBCS /Gm /EHsc /RTC1 /MDd /GS /fp:precise /Zc:wchar_t /Zc:forScope /Yc"stdafx.h" /Fp"Debug\DBVestibuleServer.pch" /Fo"Debug\\" /Fd"Debug\vc120.pdb" /Gd /TP /analyze- /errorReport:prompt stdafx.cpp
         stdafx.cpp
         C:\Program Files (x86)\Microsoft Visual Studio 12.0\VC\bin\CL.exe /c /I../../../Include/mysql/cppconnector /I../../../Common /I../../libs/StaticLog_lib/SourceFile /I"C:\Program Files (x86)\MySQL\MySQL Server 5.7\include" /IC:\Boost\include /ZI /nologo /W3 /WX- /sdl /Od /Oy- /D WIN32 /D _DEBUG /D _CONSOLE /D _LIB /D _SCL_SECURE_NO_WARNINGS /D _CRT_SECURE_NO_WARNINGS /D CPPCONN_PUBLIC_FUNC= /D _MBCS /Gm /EHsc /RTC1 /MDd /GS /fp:precise /Zc:wchar_t /Zc:forScope /Yu"stdafx.h" /Fp"Debug\DBVestibuleServer.pch" /Fo"Debug\\" /Fd"Debug\vc120.pdb" /Gd /TP /analyze- /errorReport:prompt DBVestibuleServer.cpp Src\CConnectionSinkPool.cpp Src\CIniFile.cpp Src\CInitServerModule.cpp Src\CServerAcceptSink.cpp Src\CVestibuleServer.cpp
         CVestibuleServer.cpp
         CServerAcceptSink.cpp
         CInitServerModule.cpp
         CIniFile.cpp
         CConnectionSinkPool.cpp
         DBVestibuleServer.cpp
         正在生成代码...
       Link:
         C:\Program Files (x86)\Microsoft Visual Studio 12.0\VC\bin\link.exe /ERRORREPORT:PROMPT /OUT:"../../../Bin\DBVestibuleServer.exe" /INCREMENTAL /NOLOGO /LIBPATH:"C:\Program Files (x86)\MySQL\MySQL Server 5.7\lib" /LIBPATH:../../../Libraries/mysql /LIBPATH:../../../Bin "mysqlcppconn-staticd.lib" StaticLog_lib.lib libmysql.lib mysqlclient.lib kernel32.lib user32.lib gdi32.lib winspool.lib comdlg32.lib advapi32.lib shell32.lib ole32.lib oleaut32.lib uuid.lib odbc32.lib odbccp32.lib /MANIFEST /MANIFESTUAC:"level='asInvoker' uiAccess='false'" /manifest:embed /DEBUG /PDB:"../../../Bin\DBVestibuleServer.pdb" /SUBSYSTEM:CONSOLE /TLBID:1 /DYNAMICBASE /NXCOMPAT /IMPLIB:"../../../Bin\DBVestibuleServer.lib" /MACHINE:X86 Debug\DBVestibuleServer.obj
         Debug\CConnectionSinkPool.obj
         Debug\CIniFile.obj
         Debug\CInitServerModule.obj
         Debug\CServerAcceptSink.obj
         Debug\CVestibuleServer.obj
         Debug\stdafx.obj
         DBVestibuleServer.vcxproj -> D:\MyProjectCodes\MyGameServer\MyGameServer\Apps\DBVestibuleServer\../../../Bin\DBVestibuleServer.exe
     1>已完成生成项目“D:\MyProjectCodes\MyGameServer\MyGameServer\Apps\DBVestibuleServer\DBVestibuleServer.vcxproj”(Rebuild 个目标)的操作。

生成成功。

已用时间 00:00:09.25
